[06/27 06:46:49][INFO] slot_train_net.py: 249: Train with config:
[06/27 06:46:49][INFO] slot_train_net.py: 250: {'AUG': {'AA_TYPE': 'rand-m7-n4-mstd0.5-inc1',
         'COLOR_JITTER': 0.0,
         'DIFFERENT_AUG_PER_FRAME': True,
         'ENABLE': True,
         'INTERPOLATION': 'bicubic',
         'NUM_SAMPLE': 1,
         'RE_COUNT': 1,
         'RE_MODE': 'pixel',
         'RE_PROB': 0.0,
         'RE_SPLIT': False},
 'AVA': {'ANNOTATION_DIR': '/home/gamir/DER-Roei/datasets/AVA/download_repo/data/ava/annotations',
         'BGR': False,
         'CENTER_CROP_TEST': True,
         'DETECTION_SCORE_THRESH': 0.9,
         'EXCLUSION_FILE': 'ava_val_excluded_timestamps_v2.2.csv',
         'FRAME_DIR': '/home/gamir/DER-Roei/datasets/AVA/download_repo/data/ava/frames',
         'FRAME_LIST_DIR': '/home/gamir/DER-Roei/datasets/AVA/download_repo/data/ava/frame_lists',
         'FULL_TEST_ON_VAL': False,
         'GROUNDTRUTH_FILE': 'ava_val_v2.2.csv',
         'IMG_PROC_BACKEND': 'cv2',
         'LABEL_MAP_FILE': 'ava_action_list_v2.2_for_activitynet_2019.pbtxt',
         'TEST_FORCE_FLIP': False,
         'TEST_LISTS': ['val.csv'],
         'TEST_PREDICT_BOX_LISTS': ['ava_val_predicted_boxes.csv'],
         'TRAIN_GT_BOX_LISTS': ['ava_train_v2.2.csv'],
         'TRAIN_LISTS': ['train.csv'],
         'TRAIN_PCA_JITTER_ONLY': True,
         'TRAIN_PREDICT_BOX_LISTS': [],
         'TRAIN_USE_COLOR_AUGMENTATION': False},
 'BENCHMARK': CfgNode({'NUM_EPOCHS': 5, 'LOG_PERIOD': 100, 'SHUFFLE': True}),
 'BN': {'NORM_TYPE': 'batchnorm',
        'NUM_BATCHES_PRECISE': 200,
        'NUM_SPLITS': 1,
        'NUM_SYNC_DEVICES': 1,
        'USE_PRECISE_STATS': False,
        'WEIGHT_DECAY': 0.0},
 'CHOLEC': {'PATH': 'datasets/cholec80/labels',
            'TEST_PKL': '1fps.pickle',
            'TRAIN_PKL': '1fps_100_0.pickle',
            'VAL_PKL': '1fps.pickle'},
 'CUDA_VISIBLE_DEVICES': '0',
 'DATA': {'DECODING_BACKEND': 'torchvision',
          'ENSEMBLE_METHOD': 'sum',
          'FEAT_H': 8,
          'FEAT_W': 14,
          'FOLD': 1,
          'INPUT_CHANNEL_NUM': [3],
          'INV_UNIFORM_SAMPLE': True,
          'MEAN': [0.5, 0.5, 0.5],
          'MULTI_LABEL': False,
          'NUM_FRAMES': 8,
          'PATH': '/raid/MOVI_E_dataset',
          'PATH_LABEL_SEPARATOR': ' ',
          'PATH_PREFIX': '/raid/MOVI_E_dataset',
          'PATH_TO_DATA_DIR': '/raid/MOVI_E_dataset',
          'PATH_TO_PRELOAD_IMDB': '',
          'RANDOM_FLIP': False,
          'REVERSE_INPUT_CHANNEL': True,
          'SAMPLING_RATE': 1,
          'SCALE': [448, 256, 448, 256],
          'SPLIT': 'ctp',
          'STD': [0.5, 0.5, 0.5],
          'TARGET_FPS': 30,
          'TEST_CROP_SIZE': 128,
          'TRAIN_CROP_SIZE': 128,
          'TRAIN_JITTER_ASPECT_RELATIVE': [0.75, 1.3333],
          'TRAIN_JITTER_MOTION_SHIFT': False,
          'TRAIN_JITTER_SCALES': [256, 320],
          'TRAIN_JITTER_SCALES_RELATIVE': [0.08, 1.0],
          'TRAIN_PCA_EIGVAL': [0.225, 0.224, 0.229],
          'TRAIN_PCA_EIGVEC': [[-0.5675, 0.7192, 0.4009],
                               [-0.5808, -0.0045, -0.814],
                               [-0.5836, -0.6948, 0.4203]],
          'USE_OFFSET_SAMPLING': True},
 'DATA_LOADER': {'ENABLE_MULTI_THREAD_DECODE': False,
                 'NUM_WORKERS': 12,
                 'PIN_MEMORY': True},
 'DEMO': {'BUFFER_SIZE': 0,
          'CLIP_VIS_SIZE': 10,
          'COMMON_CLASS_NAMES': ['watch (a person)',
                                 'talk to (e.g., self, a person, a group)',
                                 'listen to (a person)',
                                 'touch (an object)',
                                 'carry/hold (an object)',
                                 'walk',
                                 'sit',
                                 'lie/sleep',
                                 'bend/bow (at the waist)'],
          'COMMON_CLASS_THRES': 0.7,
          'DETECTRON2_CFG': 'COCO-Detection/faster_rcnn_R_50_FPN_3x.yaml',
          'DETECTRON2_THRESH': 0.9,
          'DETECTRON2_WEIGHTS': 'detectron2://COCO-Detection/faster_rcnn_R_50_FPN_3x/137849458/model_final_280758.pkl',
          'DISPLAY_HEIGHT': 0,
          'DISPLAY_WIDTH': 0,
          'ENABLE': False,
          'FPS': 30,
          'GT_BOXES': '',
          'INPUT_FORMAT': 'BGR',
          'INPUT_VIDEO': '',
          'LABEL_FILE_PATH': '',
          'NUM_CLIPS_SKIP': 0,
          'NUM_VIS_INSTANCES': 2,
          'OUTPUT_FILE': '',
          'OUTPUT_FPS': -1,
          'PREDS_BOXES': '',
          'SLOWMO': 1,
          'STARTING_SECOND': 900,
          'THREAD_ENABLE': False,
          'UNCOMMON_CLASS_THRES': 0.3,
          'VIS_MODE': 'thres',
          'WEBCAM': -1},
 'DETECTION': {'ALIGNED': True,
               'ENABLE': False,
               'ROI_XFORM_RESOLUTION': 7,
               'SPATIAL_SCALE_FACTOR': 16},
 'DIST_BACKEND': 'nccl',
 'EPICKITCHENS': {'ANNOTATIONS_DIR': '/home/gamir/datasets/datasets/EPIC-KITCHENS',
                  'TEST_LIST': 'EPIC_100_validation.pkl',
                  'TEST_SPLIT': 'validation',
                  'TRAIN_LIST': 'EPIC_100_train.pkl',
                  'TRAIN_PLUS_VAL': False,
                  'VAL_LIST': 'EPIC_100_validation.pkl',
                  'VISUAL_DATA_DIR': '/home/gamir/datasets/datasets/EPIC-KITCHENS/epic-kitchens-download-scripts-master/EPIC-KITCHENS'},
 'LOG_MODEL_INFO': False,
 'LOG_PERIOD': 10,
 'MF': {'APPROX_ATTN_DIM': 128,
        'APPROX_ATTN_TYPE': 'none',
        'ATTN_DROPOUT': 0.0,
        'ATTN_LAYER': 'trajectory',
        'CHANNELS': 3,
        'DEPTH': 12,
        'DROP': 0.0,
        'DROP_PATH': 0.2,
        'EMBED_DIM': 768,
        'HEAD_ACT': 'tanh',
        'HEAD_DROPOUT': 0.0,
        'IM_PRETRAINED': True,
        'MLP_RATIO': 4,
        'NUM_HEADS': 12,
        'PATCH_SIZE': 16,
        'PATCH_SIZE_TEMP': 2,
        'POS_DROPOUT': 0.0,
        'POS_EMBED': 'separate',
        'PRETRAINED_WEIGHTS': 'vit_1k',
        'QKV_BIAS': True,
        'TEMPORAL_RESOLUTION': 8,
        'USE_MLP': True,
        'VIDEO_INPUT': True},
 'MIXUP': {'ALPHA': 0.8,
           'CUTMIX_ALPHA': 1.0,
           'ENABLE': False,
           'LABEL_SMOOTH_VALUE': 0.1,
           'PROB': 1.0,
           'SWITCH_PROB': 0.5},
 'MODEL': {'ARCH': 'slow',
           'DROPCONNECT_RATE': 0.0,
           'DROPOUT_RATE': 0.5,
           'FC_INIT_STD': 0.01,
           'HEAD_ACT': 'softmax',
           'LOAD_IN_PRETRAIN': '',
           'LOSS_FUNC': 'label_smoothing_cross_entropy',
           'MODEL_NAME': 'STEVE',
           'MULTI_PATHWAY_ARCH': ['slowfast'],
           'NUM_CLASSES': 174,
           'SINGLE_PATHWAY_ARCH': ['2d', 'c2d', 'i3d', 'slow', 'x3d', 'mvit']},
 'MOVI': CfgNode({'PATH': '/raid/MOVI_E_data'}),
 'MULTIGRID': {'BN_BASE_SIZE': 8,
               'DEFAULT_B': 0,
               'DEFAULT_S': 0,
               'DEFAULT_T': 0,
               'EPOCH_FACTOR': 1.5,
               'EVAL_FREQ': 3,
               'LONG_CYCLE': False,
               'LONG_CYCLE_FACTORS': [(0.25, 0.7071067811865476),
                                      (0.5, 0.7071067811865476),
                                      (0.5, 1),
                                      (1, 1)],
               'LONG_CYCLE_SAMPLING_RATE': 0,
               'SHORT_CYCLE': False,
               'SHORT_CYCLE_FACTORS': [0.5, 0.7071067811865476]},
 'MVIT': {'CLS_EMBED_ON': True,
          'DEPTH': 16,
          'DIM_MUL': [],
          'DROPOUT_RATE': 0.0,
          'DROPPATH_RATE': 0.1,
          'EMBED_DIM': 96,
          'HEAD_MUL': [],
          'MLP_RATIO': 4.0,
          'MODE': 'conv',
          'NORM': 'layernorm',
          'NORM_STEM': False,
          'NUM_HEADS': 1,
          'PATCH_2D': False,
          'PATCH_KERNEL': [3, 7, 7],
          'PATCH_PADDING': [2, 4, 4],
          'PATCH_STRIDE': [2, 4, 4],
          'POOL_FIRST': False,
          'POOL_KVQ_KERNEL': None,
          'POOL_KV_IGNORE_111_KERNEL': False,
          'POOL_KV_STRIDE': None,
          'POOL_KV_STRIDE_ADAPTIVE': None,
          'POOL_Q_STRIDE': [],
          'QKV_BIAS': True,
          'SEP_POS_EMBED': False,
          'ZERO_DECAY_POS_CLS': True},
 'NONLOCAL': {'GROUP': [[1], [1], [1], [1]],
              'INSTANTIATION': 'dot_product',
              'LOCATION': [[[]], [[]], [[]], [[]]],
              'POOL': [[[1, 2, 2], [1, 2, 2]],
                       [[1, 2, 2], [1, 2, 2]],
                       [[1, 2, 2], [1, 2, 2]],
                       [[1, 2, 2], [1, 2, 2]]]},
 'NUM_GPUS': 1,
 'NUM_SHARDS': 1,
 'ORVIT': {'ADD_LAYERS': [],
           'ENABLE': False,
           'FIXED_TRAJ': False,
           'INIT_WEIGHTS': False,
           'LAYERS': [],
           'LOAD_ORVIT_ATTN_LAYERS_FROM_BB': True,
           'MOTION_STREAM_ATTN_TYPE': 'joint',
           'MOTION_STREAM_DIM': -1,
           'MOTION_STREAM_N_HEADS': 12,
           'MOTION_STREAM_SEP_POS_EMB': False,
           'O': 5,
           'USE_MOTION_STREAM': True,
           'ZERO_INIT_ORVIT': False},
 'OUTPUT_DIR': './MOVI_E_experiments',
 'RESNET': {'DEPTH': 50,
            'INPLACE_RELU': True,
            'NUM_BLOCK_TEMP_KERNEL': [[3], [4], [6], [3]],
            'NUM_GROUPS': 1,
            'SPATIAL_DILATIONS': [[1], [1], [1], [1]],
            'SPATIAL_STRIDES': [[1], [2], [2], [2]],
            'STRIDE_1X1': False,
            'TRANS_FUNC': 'bottleneck_transform',
            'WIDTH_PER_GROUP': 64,
            'ZERO_INIT_FINAL_BN': False},
 'RNG_SEED': 0,
 'SHARD_ID': 0,
 'SLOTS': {'ARCH': 'steve',
           'CNN_HID_SIZE': 192,
           'DECODER': {'DIM': 192,
                       'DROPOUT': 0.1,
                       'NUM_BLOCKS': 8,
                       'NUM_HEADS': 4,
                       'TYPE': 'mlp'},
           'DROPOUT': 0.1,
           'HARD': True,
           'HEADS': 1,
           'IMG_CHANNELS': 3,
           'IMG_SIZE': 128,
           'MLP_HID_SIZE': 192,
           'NUM_ITERS': 3,
           'NUM_PREDICTOR_BLOCKS': 8,
           'NUM_PREDICTOR_HEADS': 4,
           'NUM_SLOTS': 15,
           'OUT_H': 8,
           'OUT_W': 14,
           'SIZE': 192,
           'SSL_TYPE': 'dino',
           'TEACHER': 'r50',
           'USE_PIXEL_RECON': False,
           'USE_SSL_FEAT': False,
           'VOCAB_SIZE': 4096},
 'SLOTS_OPTIM': {'CLIP': 1.0,
                 'DEC': 0.0004,
                 'DVAE': 0.0003,
                 'ENC': 0.0001,
                 'HALF_LIFE': 250000,
                 'STEPS': 200000,
                 'STEP_INTERVAL': 5000,
                 'TAU_FINAL': 0.1,
                 'TAU_START': 1.0,
                 'TAU_STEPS': 30000,
                 'WARMUP_STEPS': 30000},
 'SLOWFAST': {'ALPHA': 8,
              'BETA_INV': 8,
              'FUSION_CONV_CHANNEL_RATIO': 2,
              'FUSION_KERNEL_SZ': 5},
 'SOLVER': {'BASE_LR': 5e-05,
            'BASE_LR_SCALE_NUM_SHARDS': False,
            'CLIP_GRAD_L2NORM': None,
            'CLIP_GRAD_VAL': None,
            'COSINE_AFTER_WARMUP': False,
            'COSINE_END_LR': 0.0,
            'DAMPENING': 0.0,
            'GAMMA': 0.1,
            'LRS': [1, 0.1, 0.01],
            'LR_POLICY': 'steps_with_relative_lrs',
            'MAX_EPOCH': 35,
            'MOMENTUM': 0.9,
            'NESTEROV': True,
            'OPTIMIZING_METHOD': 'adam',
            'ORVIT_BASE_LR': -1.0,
            'STEPS': [0, 20, 30],
            'STEP_SIZE': 1,
            'WARMUP_EPOCHS': 0.0,
            'WARMUP_FACTOR': 0.1,
            'WARMUP_START_LR': 0.01,
            'WEIGHT_DECAY': 0.05,
            'ZERO_WD_1D_PARAM': False},
 'SPLIT_QKV_CHECKPOINT': False,
 'SSV2': {'BOXES_FORMAT': 'detectron2',
          'DATA_ROOT': '/home/gamir/DER-Roei/datasets/smthsmth',
          'SPLIT': 'standard',
          'SPLITS_ROOT': '../ORViT/data/ssv2'},
 'STEVE': {'ADD_LAYERS': [],
           'ENABLE': True,
           'INIT_WEIGHTS': False,
           'LAYERS': [1, 6, 10],
           'MOTION_STREAM_ATTN_TYPE': 'joint',
           'O': 4,
           'USE_MOTION_STREAM': True},
 'TENSORBOARD': {'CATEGORIES_PATH': '',
                 'CLASS_NAMES_PATH': '',
                 'CONFUSION_MATRIX': {'ENABLE': False,
                                      'FIGSIZE': [8, 8],
                                      'SUBSET_PATH': ''},
                 'ENABLE': True,
                 'HISTOGRAM': {'ENABLE': False,
                               'FIGSIZE': [8, 8],
                               'SUBSET_PATH': '',
                               'TOPK': 10},
                 'LOG_DIR': '',
                 'MODEL_VIS': {'ACTIVATIONS': False,
                               'COLORMAP': 'Pastel2',
                               'ENABLE': False,
                               'GRAD_CAM': {'COLORMAP': 'viridis',
                                            'ENABLE': True,
                                            'LAYER_LIST': [],
                                            'USE_TRUE_LABEL': False},
                               'INPUT_VIDEO': False,
                               'LAYER_LIST': [],
                               'MODEL_WEIGHTS': False,
                               'TOPK_PREDS': 1},
                 'PREDICTIONS_PATH': '',
                 'WRONG_PRED_VIS': {'ENABLE': False,
                                    'SUBSET_PATH': '',
                                    'TAG': 'Incorrectly classified videos.'}},
 'TEST': {'BATCH_SIZE': 64,
          'CHECKPOINT_FILE_PATH': '',
          'CHECKPOINT_TYPE': 'pytorch',
          'DATASET': 'MOVI_E_dataset',
          'ENABLE': True,
          'NUM_ENSEMBLE_VIEWS': 1,
          'NUM_SPATIAL_CROPS': 1,
          'SAVE_RESULTS_PATH': '',
          'TEST_EPOCH_NUM': -1},
 'TRAIN': {'ARCH': 'slots',
           'AUTO_RESUME': False,
           'BATCH_SIZE': 2,
           'CHECKPOINT_CLEAR_NAME_PATTERN': (),
           'CHECKPOINT_EPOCH_RESET': True,
           'CHECKPOINT_FILE_PATH': None,
           'CHECKPOINT_INFLATE': False,
           'CHECKPOINT_PATH': 'checkpoints',
           'CHECKPOINT_PERIOD': 1,
           'CHECKPOINT_REPLACE_NAME_PATTERN': [],
           'CHECKPOINT_TYPE': 'pytorch',
           'DATASET': 'Movi_E',
           'ENABLE': True,
           'EVAL_PERIOD': 5,
           'LOG_INTERVAL': 2000,
           'LOG_PATH': 'logs/',
           'MIXED_PRECISION': False,
           'NUM_WORKERS': 6,
           'VAL_ONLY': False},
 'X3D': {'BN_LIN5': False,
         'BOTTLENECK_FACTOR': 1.0,
         'CHANNELWISE_3x3x3': True,
         'DEPTH_FACTOR': 1.0,
         'DIM_C1': 12,
         'DIM_C5': 2048,
         'SCALE_RES2': False,
         'WIDTH_FACTOR': 1.0}}
[06/27 06:46:55][DEBUG] tpu_cluster_resolver.py:  33: Falling back to TensorFlow client; we recommended you install the Cloud TPU client directly with pip install cloud-tpu-client.
[06/27 06:46:55][INFO] tensorboard_vis.py:  57: To see logged results in Tensorboard, please launch using the command             `tensorboard  --port=<port-number> --logdir ./MOVI_E_experiments/runs-Movi_E`
[06/27 06:46:55][INFO] slot_train_net.py: 291: Start epoch: 1
[06/27 06:51:45][INFO] slot_train_net.py: 249: Train with config:
[06/27 06:51:45][INFO] slot_train_net.py: 250: {'AUG': {'AA_TYPE': 'rand-m7-n4-mstd0.5-inc1',
         'COLOR_JITTER': 0.0,
         'DIFFERENT_AUG_PER_FRAME': True,
         'ENABLE': True,
         'INTERPOLATION': 'bicubic',
         'NUM_SAMPLE': 1,
         'RE_COUNT': 1,
         'RE_MODE': 'pixel',
         'RE_PROB': 0.0,
         'RE_SPLIT': False},
 'AVA': {'ANNOTATION_DIR': '/home/gamir/DER-Roei/datasets/AVA/download_repo/data/ava/annotations',
         'BGR': False,
         'CENTER_CROP_TEST': True,
         'DETECTION_SCORE_THRESH': 0.9,
         'EXCLUSION_FILE': 'ava_val_excluded_timestamps_v2.2.csv',
         'FRAME_DIR': '/home/gamir/DER-Roei/datasets/AVA/download_repo/data/ava/frames',
         'FRAME_LIST_DIR': '/home/gamir/DER-Roei/datasets/AVA/download_repo/data/ava/frame_lists',
         'FULL_TEST_ON_VAL': False,
         'GROUNDTRUTH_FILE': 'ava_val_v2.2.csv',
         'IMG_PROC_BACKEND': 'cv2',
         'LABEL_MAP_FILE': 'ava_action_list_v2.2_for_activitynet_2019.pbtxt',
         'TEST_FORCE_FLIP': False,
         'TEST_LISTS': ['val.csv'],
         'TEST_PREDICT_BOX_LISTS': ['ava_val_predicted_boxes.csv'],
         'TRAIN_GT_BOX_LISTS': ['ava_train_v2.2.csv'],
         'TRAIN_LISTS': ['train.csv'],
         'TRAIN_PCA_JITTER_ONLY': True,
         'TRAIN_PREDICT_BOX_LISTS': [],
         'TRAIN_USE_COLOR_AUGMENTATION': False},
 'BENCHMARK': CfgNode({'NUM_EPOCHS': 5, 'LOG_PERIOD': 100, 'SHUFFLE': True}),
 'BN': {'NORM_TYPE': 'batchnorm',
        'NUM_BATCHES_PRECISE': 200,
        'NUM_SPLITS': 1,
        'NUM_SYNC_DEVICES': 1,
        'USE_PRECISE_STATS': False,
        'WEIGHT_DECAY': 0.0},
 'CHOLEC': {'PATH': 'datasets/cholec80/labels',
            'TEST_PKL': '1fps.pickle',
            'TRAIN_PKL': '1fps_100_0.pickle',
            'VAL_PKL': '1fps.pickle'},
 'CUDA_VISIBLE_DEVICES': '0',
 'DATA': {'DECODING_BACKEND': 'torchvision',
          'ENSEMBLE_METHOD': 'sum',
          'FEAT_H': 8,
          'FEAT_W': 14,
          'FOLD': 1,
          'INPUT_CHANNEL_NUM': [3],
          'INV_UNIFORM_SAMPLE': True,
          'MEAN': [0.5, 0.5, 0.5],
          'MULTI_LABEL': False,
          'NUM_FRAMES': 8,
          'PATH': '/raid/MOVI_E_dataset',
          'PATH_LABEL_SEPARATOR': ' ',
          'PATH_PREFIX': '/raid/MOVI_E_dataset',
          'PATH_TO_DATA_DIR': '/raid/MOVI_E_dataset',
          'PATH_TO_PRELOAD_IMDB': '',
          'RANDOM_FLIP': False,
          'REVERSE_INPUT_CHANNEL': True,
          'SAMPLING_RATE': 1,
          'SCALE': [448, 256, 448, 256],
          'SPLIT': 'ctp',
          'STD': [0.5, 0.5, 0.5],
          'TARGET_FPS': 30,
          'TEST_CROP_SIZE': 128,
          'TRAIN_CROP_SIZE': 128,
          'TRAIN_JITTER_ASPECT_RELATIVE': [0.75, 1.3333],
          'TRAIN_JITTER_MOTION_SHIFT': False,
          'TRAIN_JITTER_SCALES': [256, 320],
          'TRAIN_JITTER_SCALES_RELATIVE': [0.08, 1.0],
          'TRAIN_PCA_EIGVAL': [0.225, 0.224, 0.229],
          'TRAIN_PCA_EIGVEC': [[-0.5675, 0.7192, 0.4009],
                               [-0.5808, -0.0045, -0.814],
                               [-0.5836, -0.6948, 0.4203]],
          'USE_OFFSET_SAMPLING': True},
 'DATA_LOADER': {'ENABLE_MULTI_THREAD_DECODE': False,
                 'NUM_WORKERS': 12,
                 'PIN_MEMORY': True},
 'DEMO': {'BUFFER_SIZE': 0,
          'CLIP_VIS_SIZE': 10,
          'COMMON_CLASS_NAMES': ['watch (a person)',
                                 'talk to (e.g., self, a person, a group)',
                                 'listen to (a person)',
                                 'touch (an object)',
                                 'carry/hold (an object)',
                                 'walk',
                                 'sit',
                                 'lie/sleep',
                                 'bend/bow (at the waist)'],
          'COMMON_CLASS_THRES': 0.7,
          'DETECTRON2_CFG': 'COCO-Detection/faster_rcnn_R_50_FPN_3x.yaml',
          'DETECTRON2_THRESH': 0.9,
          'DETECTRON2_WEIGHTS': 'detectron2://COCO-Detection/faster_rcnn_R_50_FPN_3x/137849458/model_final_280758.pkl',
          'DISPLAY_HEIGHT': 0,
          'DISPLAY_WIDTH': 0,
          'ENABLE': False,
          'FPS': 30,
          'GT_BOXES': '',
          'INPUT_FORMAT': 'BGR',
          'INPUT_VIDEO': '',
          'LABEL_FILE_PATH': '',
          'NUM_CLIPS_SKIP': 0,
          'NUM_VIS_INSTANCES': 2,
          'OUTPUT_FILE': '',
          'OUTPUT_FPS': -1,
          'PREDS_BOXES': '',
          'SLOWMO': 1,
          'STARTING_SECOND': 900,
          'THREAD_ENABLE': False,
          'UNCOMMON_CLASS_THRES': 0.3,
          'VIS_MODE': 'thres',
          'WEBCAM': -1},
 'DETECTION': {'ALIGNED': True,
               'ENABLE': False,
               'ROI_XFORM_RESOLUTION': 7,
               'SPATIAL_SCALE_FACTOR': 16},
 'DIST_BACKEND': 'nccl',
 'EPICKITCHENS': {'ANNOTATIONS_DIR': '/home/gamir/datasets/datasets/EPIC-KITCHENS',
                  'TEST_LIST': 'EPIC_100_validation.pkl',
                  'TEST_SPLIT': 'validation',
                  'TRAIN_LIST': 'EPIC_100_train.pkl',
                  'TRAIN_PLUS_VAL': False,
                  'VAL_LIST': 'EPIC_100_validation.pkl',
                  'VISUAL_DATA_DIR': '/home/gamir/datasets/datasets/EPIC-KITCHENS/epic-kitchens-download-scripts-master/EPIC-KITCHENS'},
 'LOG_MODEL_INFO': False,
 'LOG_PERIOD': 10,
 'MF': {'APPROX_ATTN_DIM': 128,
        'APPROX_ATTN_TYPE': 'none',
        'ATTN_DROPOUT': 0.0,
        'ATTN_LAYER': 'trajectory',
        'CHANNELS': 3,
        'DEPTH': 12,
        'DROP': 0.0,
        'DROP_PATH': 0.2,
        'EMBED_DIM': 768,
        'HEAD_ACT': 'tanh',
        'HEAD_DROPOUT': 0.0,
        'IM_PRETRAINED': True,
        'MLP_RATIO': 4,
        'NUM_HEADS': 12,
        'PATCH_SIZE': 16,
        'PATCH_SIZE_TEMP': 2,
        'POS_DROPOUT': 0.0,
        'POS_EMBED': 'separate',
        'PRETRAINED_WEIGHTS': 'vit_1k',
        'QKV_BIAS': True,
        'TEMPORAL_RESOLUTION': 8,
        'USE_MLP': True,
        'VIDEO_INPUT': True},
 'MIXUP': {'ALPHA': 0.8,
           'CUTMIX_ALPHA': 1.0,
           'ENABLE': False,
           'LABEL_SMOOTH_VALUE': 0.1,
           'PROB': 1.0,
           'SWITCH_PROB': 0.5},
 'MODEL': {'ARCH': 'slow',
           'DROPCONNECT_RATE': 0.0,
           'DROPOUT_RATE': 0.5,
           'FC_INIT_STD': 0.01,
           'HEAD_ACT': 'softmax',
           'LOAD_IN_PRETRAIN': '',
           'LOSS_FUNC': 'label_smoothing_cross_entropy',
           'MODEL_NAME': 'STEVE',
           'MULTI_PATHWAY_ARCH': ['slowfast'],
           'NUM_CLASSES': 174,
           'SINGLE_PATHWAY_ARCH': ['2d', 'c2d', 'i3d', 'slow', 'x3d', 'mvit']},
 'MOVI': CfgNode({'PATH': '/raid/MOVI_E_data'}),
 'MULTIGRID': {'BN_BASE_SIZE': 8,
               'DEFAULT_B': 0,
               'DEFAULT_S': 0,
               'DEFAULT_T': 0,
               'EPOCH_FACTOR': 1.5,
               'EVAL_FREQ': 3,
               'LONG_CYCLE': False,
               'LONG_CYCLE_FACTORS': [(0.25, 0.7071067811865476),
                                      (0.5, 0.7071067811865476),
                                      (0.5, 1),
                                      (1, 1)],
               'LONG_CYCLE_SAMPLING_RATE': 0,
               'SHORT_CYCLE': False,
               'SHORT_CYCLE_FACTORS': [0.5, 0.7071067811865476]},
 'MVIT': {'CLS_EMBED_ON': True,
          'DEPTH': 16,
          'DIM_MUL': [],
          'DROPOUT_RATE': 0.0,
          'DROPPATH_RATE': 0.1,
          'EMBED_DIM': 96,
          'HEAD_MUL': [],
          'MLP_RATIO': 4.0,
          'MODE': 'conv',
          'NORM': 'layernorm',
          'NORM_STEM': False,
          'NUM_HEADS': 1,
          'PATCH_2D': False,
          'PATCH_KERNEL': [3, 7, 7],
          'PATCH_PADDING': [2, 4, 4],
          'PATCH_STRIDE': [2, 4, 4],
          'POOL_FIRST': False,
          'POOL_KVQ_KERNEL': None,
          'POOL_KV_IGNORE_111_KERNEL': False,
          'POOL_KV_STRIDE': None,
          'POOL_KV_STRIDE_ADAPTIVE': None,
          'POOL_Q_STRIDE': [],
          'QKV_BIAS': True,
          'SEP_POS_EMBED': False,
          'ZERO_DECAY_POS_CLS': True},
 'NONLOCAL': {'GROUP': [[1], [1], [1], [1]],
              'INSTANTIATION': 'dot_product',
              'LOCATION': [[[]], [[]], [[]], [[]]],
              'POOL': [[[1, 2, 2], [1, 2, 2]],
                       [[1, 2, 2], [1, 2, 2]],
                       [[1, 2, 2], [1, 2, 2]],
                       [[1, 2, 2], [1, 2, 2]]]},
 'NUM_GPUS': 1,
 'NUM_SHARDS': 1,
 'ORVIT': {'ADD_LAYERS': [],
           'ENABLE': False,
           'FIXED_TRAJ': False,
           'INIT_WEIGHTS': False,
           'LAYERS': [],
           'LOAD_ORVIT_ATTN_LAYERS_FROM_BB': True,
           'MOTION_STREAM_ATTN_TYPE': 'joint',
           'MOTION_STREAM_DIM': -1,
           'MOTION_STREAM_N_HEADS': 12,
           'MOTION_STREAM_SEP_POS_EMB': False,
           'O': 5,
           'USE_MOTION_STREAM': True,
           'ZERO_INIT_ORVIT': False},
 'OUTPUT_DIR': './MOVI_E_experiments',
 'RESNET': {'DEPTH': 50,
            'INPLACE_RELU': True,
            'NUM_BLOCK_TEMP_KERNEL': [[3], [4], [6], [3]],
            'NUM_GROUPS': 1,
            'SPATIAL_DILATIONS': [[1], [1], [1], [1]],
            'SPATIAL_STRIDES': [[1], [2], [2], [2]],
            'STRIDE_1X1': False,
            'TRANS_FUNC': 'bottleneck_transform',
            'WIDTH_PER_GROUP': 64,
            'ZERO_INIT_FINAL_BN': False},
 'RNG_SEED': 0,
 'SHARD_ID': 0,
 'SLOTS': {'ARCH': 'steve',
           'CNN_HID_SIZE': 192,
           'DECODER': {'DIM': 192,
                       'DROPOUT': 0.1,
                       'NUM_BLOCKS': 8,
                       'NUM_HEADS': 4,
                       'TYPE': 'mlp'},
           'DROPOUT': 0.1,
           'HARD': True,
           'HEADS': 1,
           'IMG_CHANNELS': 3,
           'IMG_SIZE': 128,
           'MLP_HID_SIZE': 192,
           'NUM_ITERS': 3,
           'NUM_PREDICTOR_BLOCKS': 8,
           'NUM_PREDICTOR_HEADS': 4,
           'NUM_SLOTS': 15,
           'OUT_H': 8,
           'OUT_W': 14,
           'SIZE': 192,
           'SSL_TYPE': 'dino',
           'TEACHER': 'r50',
           'USE_PIXEL_RECON': False,
           'USE_SSL_FEAT': False,
           'VOCAB_SIZE': 4096},
 'SLOTS_OPTIM': {'CLIP': 1.0,
                 'DEC': 0.0004,
                 'DVAE': 0.0003,
                 'ENC': 0.0001,
                 'HALF_LIFE': 250000,
                 'STEPS': 200000,
                 'STEP_INTERVAL': 5000,
                 'TAU_FINAL': 0.1,
                 'TAU_START': 1.0,
                 'TAU_STEPS': 30000,
                 'WARMUP_STEPS': 30000},
 'SLOWFAST': {'ALPHA': 8,
              'BETA_INV': 8,
              'FUSION_CONV_CHANNEL_RATIO': 2,
              'FUSION_KERNEL_SZ': 5},
 'SOLVER': {'BASE_LR': 5e-05,
            'BASE_LR_SCALE_NUM_SHARDS': False,
            'CLIP_GRAD_L2NORM': None,
            'CLIP_GRAD_VAL': None,
            'COSINE_AFTER_WARMUP': False,
            'COSINE_END_LR': 0.0,
            'DAMPENING': 0.0,
            'GAMMA': 0.1,
            'LRS': [1, 0.1, 0.01],
            'LR_POLICY': 'steps_with_relative_lrs',
            'MAX_EPOCH': 35,
            'MOMENTUM': 0.9,
            'NESTEROV': True,
            'OPTIMIZING_METHOD': 'adam',
            'ORVIT_BASE_LR': -1.0,
            'STEPS': [0, 20, 30],
            'STEP_SIZE': 1,
            'WARMUP_EPOCHS': 0.0,
            'WARMUP_FACTOR': 0.1,
            'WARMUP_START_LR': 0.01,
            'WEIGHT_DECAY': 0.05,
            'ZERO_WD_1D_PARAM': False},
 'SPLIT_QKV_CHECKPOINT': False,
 'SSV2': {'BOXES_FORMAT': 'detectron2',
          'DATA_ROOT': '/home/gamir/DER-Roei/datasets/smthsmth',
          'SPLIT': 'standard',
          'SPLITS_ROOT': '../ORViT/data/ssv2'},
 'STEVE': {'ADD_LAYERS': [],
           'ENABLE': True,
           'INIT_WEIGHTS': False,
           'LAYERS': [1, 6, 10],
           'MOTION_STREAM_ATTN_TYPE': 'joint',
           'O': 4,
           'USE_MOTION_STREAM': True},
 'TENSORBOARD': {'CATEGORIES_PATH': '',
                 'CLASS_NAMES_PATH': '',
                 'CONFUSION_MATRIX': {'ENABLE': False,
                                      'FIGSIZE': [8, 8],
                                      'SUBSET_PATH': ''},
                 'ENABLE': True,
                 'HISTOGRAM': {'ENABLE': False,
                               'FIGSIZE': [8, 8],
                               'SUBSET_PATH': '',
                               'TOPK': 10},
                 'LOG_DIR': '',
                 'MODEL_VIS': {'ACTIVATIONS': False,
                               'COLORMAP': 'Pastel2',
                               'ENABLE': False,
                               'GRAD_CAM': {'COLORMAP': 'viridis',
                                            'ENABLE': True,
                                            'LAYER_LIST': [],
                                            'USE_TRUE_LABEL': False},
                               'INPUT_VIDEO': False,
                               'LAYER_LIST': [],
                               'MODEL_WEIGHTS': False,
                               'TOPK_PREDS': 1},
                 'PREDICTIONS_PATH': '',
                 'WRONG_PRED_VIS': {'ENABLE': False,
                                    'SUBSET_PATH': '',
                                    'TAG': 'Incorrectly classified videos.'}},
 'TEST': {'BATCH_SIZE': 64,
          'CHECKPOINT_FILE_PATH': '',
          'CHECKPOINT_TYPE': 'pytorch',
          'DATASET': 'MOVI_E_dataset',
          'ENABLE': True,
          'NUM_ENSEMBLE_VIEWS': 1,
          'NUM_SPATIAL_CROPS': 1,
          'SAVE_RESULTS_PATH': '',
          'TEST_EPOCH_NUM': -1},
 'TRAIN': {'ARCH': 'slots',
           'AUTO_RESUME': False,
           'BATCH_SIZE': 2,
           'CHECKPOINT_CLEAR_NAME_PATTERN': (),
           'CHECKPOINT_EPOCH_RESET': True,
           'CHECKPOINT_FILE_PATH': None,
           'CHECKPOINT_INFLATE': False,
           'CHECKPOINT_PATH': 'checkpoints',
           'CHECKPOINT_PERIOD': 1,
           'CHECKPOINT_REPLACE_NAME_PATTERN': [],
           'CHECKPOINT_TYPE': 'pytorch',
           'DATASET': 'Movi_E',
           'ENABLE': True,
           'EVAL_PERIOD': 5,
           'LOG_INTERVAL': 2000,
           'LOG_PATH': 'logs/',
           'MIXED_PRECISION': False,
           'NUM_WORKERS': 6,
           'VAL_ONLY': False},
 'X3D': {'BN_LIN5': False,
         'BOTTLENECK_FACTOR': 1.0,
         'CHANNELWISE_3x3x3': True,
         'DEPTH_FACTOR': 1.0,
         'DIM_C1': 12,
         'DIM_C5': 2048,
         'SCALE_RES2': False,
         'WIDTH_FACTOR': 1.0}}
[06/27 06:51:51][DEBUG] tpu_cluster_resolver.py:  33: Falling back to TensorFlow client; we recommended you install the Cloud TPU client directly with pip install cloud-tpu-client.
[06/27 06:51:52][INFO] tensorboard_vis.py:  57: To see logged results in Tensorboard, please launch using the command             `tensorboard  --port=<port-number> --logdir ./MOVI_E_experiments/runs-Movi_E`
[06/27 06:51:52][INFO] slot_train_net.py: 291: Start epoch: 1
